<?xml version="1.0" encoding="UTF-8"?>
<testsuite name="Dummy API validating crud services" tests="1" skipped="0" failures="0" errors="0" timestamp="2023-01-16T19:26:12" hostname="CHMEPF2V1LL3" time="3.752">
  <properties/>
  <testcase name="Dummy Api automation" classname="Dummy API validating crud services" time="3.752"/>
  <system-out><![CDATA[Method get: 
Response GET: {"status":"success","data":{"id":6,"employee_name":"Brielle Williamson","employee_salary":372000,"employee_age":61,"profile_image":""},"message":"Successfully! Record has been fetched."}
]]></system-out>
  <system-err><![CDATA[[Test worker] INFO io.cucumber.core.plugin.SerenityReporter - Running feature from file:///C:/Users/dsandovals/IdeaProjects/DummyApi/src/test/resources/features/DummyApi.feature
[Test worker] INFO  - 
  _____   ___   ___   _____     ___   _____     _     ___   _____   ___   ___  
 |_   _| | __| / __| |_   _|   / __| |_   _|   /_\   | _ \ |_   _| | __| |   \ 
   | |   | _|  \__ \   | |     \__ \   | |    / _ \  |   /   | |   | _|  | |) |
   |_|   |___| |___/   |_|     |___/   |_|   /_/ \_\ |_|_\   |_|   |___| |___/ 

Dummy Api automation(dummy-api-validating-crud-services;dummy-api-automation)
--------------------------------------------------------------------------------
[Test worker] INFO  - 
  _____   ___   ___   _____     ___     _     ___   ___   ___   ___  
 |_   _| | __| / __| |_   _|   | _ \   /_\   / __| / __| | __| |   \ 
   | |   | _|  \__ \   | |     |  _/  / _ \  \__ \ \__ \ | _|  | |) |
   |_|   |___| |___/   |_|     |_|   /_/ \_\ |___/ |___/ |___| |___/ 

Dummy Api automation
----------------------------------------------------------------------
]]></system-err>
</testsuite>
